c:\users\aa\documents\max 8\packages\ears\source\lib\taglib-1.12-win\build\taglib\tag.dir\release\privateframe.obj
c:\users\aa\documents\max 8\packages\ears\source\lib\taglib-1.12-win\build\taglib\tag.dir\release\popularimeterframe.obj
c:\users\aa\documents\max 8\packages\ears\source\lib\taglib-1.12-win\build\taglib\tag.dir\release\ownershipframe.obj
c:\users\aa\documents\max 8\packages\ears\source\lib\taglib-1.12-win\build\taglib\tag.dir\release\generalencapsulatedobjectframe.obj
c:\users\aa\documents\max 8\packages\ears\source\lib\taglib-1.12-win\build\taglib\tag.dir\release\eventtimingcodesframe.obj
c:\users\aa\documents\max 8\packages\ears\source\lib\taglib-1.12-win\build\taglib\tag.dir\release\commentsframe.obj
c:\users\aa\documents\max 8\packages\ears\source\lib\taglib-1.12-win\build\taglib\tag.dir\release\attachedpictureframe.obj
c:\users\aa\documents\max 8\packages\ears\source\lib\taglib-1.12-win\build\taglib\tag.dir\release\id3v2extendedheader.obj
c:\users\aa\documents\max 8\packages\ears\source\lib\taglib-1.12-win\build\taglib\tag.dir\release\id3v2footer.obj
c:\users\aa\documents\max 8\packages\ears\source\lib\taglib-1.12-win\build\taglib\tag.dir\release\id3v2frame.obj
c:\users\aa\documents\max 8\packages\ears\source\lib\taglib-1.12-win\build\taglib\tag.dir\release\id3v2header.obj
c:\users\aa\documents\max 8\packages\ears\source\lib\taglib-1.12-win\build\taglib\tag.dir\release\id3v2tag.obj
c:\users\aa\documents\max 8\packages\ears\source\lib\taglib-1.12-win\build\taglib\tag.dir\release\id3v2synchdata.obj
c:\users\aa\documents\max 8\packages\ears\source\lib\taglib-1.12-win\build\taglib\tag.dir\release\id3v2framefactory.obj
c:\users\aa\documents\max 8\packages\ears\source\lib\taglib-1.12-win\build\taglib\tag.dir\release\id3v1genres.obj
c:\users\aa\documents\max 8\packages\ears\source\lib\taglib-1.12-win\build\taglib\tag.dir\release\id3v1tag.obj
c:\users\aa\documents\max 8\packages\ears\source\lib\taglib-1.12-win\build\taglib\tag.dir\release\xingheader.obj
c:\users\aa\documents\max 8\packages\ears\source\lib\taglib-1.12-win\build\taglib\tag.dir\release\mpegheader.obj
c:\users\aa\documents\max 8\packages\ears\source\lib\taglib-1.12-win\build\taglib\tag.dir\release\mpegproperties.obj
c:\users\aa\documents\max 8\packages\ears\source\lib\taglib-1.12-win\build\taglib\tag.dir\release\mpegfile.obj
c:\users\aa\documents\max 8\packages\ears\source\lib\taglib-1.12-win\build\taglib\tag.dir\release\apetag.obj
c:\users\aa\documents\max 8\packages\ears\source\lib\taglib-1.12-win\build\taglib\tag.dir\release\mpcproperties.obj
c:\users\aa\documents\max 8\packages\ears\source\lib\taglib-1.12-win\build\taglib\tag.dir\release\mpcfile.obj
c:\users\aa\documents\max 8\packages\ears\source\lib\taglib-1.12-win\build\taglib\tag.dir\release\oggflacfile.obj
c:\users\aa\documents\max 8\packages\ears\source\lib\taglib-1.12-win\build\taglib\tag.dir\release\vorbisproperties.obj
c:\users\aa\documents\max 8\packages\ears\source\lib\taglib-1.12-win\build\taglib\tag.dir\release\vorbisfile.obj
c:\users\aa\documents\max 8\packages\ears\source\lib\taglib-1.12-win\build\taglib\tag.dir\release\xiphcomment.obj
c:\users\aa\documents\max 8\packages\ears\source\lib\taglib-1.12-win\build\taglib\tag.dir\release\oggpageheader.obj
c:\users\aa\documents\max 8\packages\ears\source\lib\taglib-1.12-win\build\taglib\tag.dir\release\oggpage.obj
c:\users\aa\documents\max 8\packages\ears\source\lib\taglib-1.12-win\build\taglib\tag.dir\release\oggfile.obj
c:\users\aa\documents\max 8\packages\ears\source\lib\taglib-1.12-win\build\taglib\tag.dir\release\podcastframe.obj
c:\users\aa\documents\max 8\packages\ears\source\lib\taglib-1.12-win\build\taglib\tag.dir\release\tableofcontentsframe.obj
c:\users\aa\documents\max 8\packages\ears\source\lib\taglib-1.12-win\build\taglib\tag.dir\release\chapterframe.obj
c:\users\aa\documents\max 8\packages\ears\source\lib\taglib-1.12-win\build\taglib\tag.dir\release\urllinkframe.obj
c:\users\aa\documents\max 8\packages\ears\source\lib\taglib-1.12-win\build\taglib\tag.dir\release\unsynchronizedlyricsframe.obj
c:\users\aa\documents\max 8\packages\ears\source\lib\taglib-1.12-win\build\taglib\tag.dir\release\unknownframe.obj
c:\users\aa\documents\max 8\packages\ears\source\lib\taglib-1.12-win\build\taglib\tag.dir\release\uniquefileidentifierframe.obj
c:\users\aa\documents\max 8\packages\ears\source\lib\taglib-1.12-win\build\taglib\tag.dir\release\textidentificationframe.obj
c:\users\aa\documents\max 8\packages\ears\source\lib\taglib-1.12-win\build\taglib\tag.dir\release\synchronizedlyricsframe.obj
c:\users\aa\documents\max 8\packages\ears\source\lib\taglib-1.12-win\build\taglib\tag.dir\release\relativevolumeframe.obj
c:\users\aa\documents\max 8\packages\ears\source\lib\taglib-1.12-win\build\taglib\tag.dir\release\flacproperties.obj
c:\users\aa\documents\max 8\packages\ears\source\lib\taglib-1.12-win\build\taglib\tag.dir\release\flacpicture.obj
c:\users\aa\documents\max 8\packages\ears\source\lib\taglib-1.12-win\build\taglib\tag.dir\release\flacfile.obj
c:\users\aa\documents\max 8\packages\ears\source\lib\taglib-1.12-win\build\taglib\tag.dir\release\tzlib.obj
c:\users\aa\documents\max 8\packages\ears\source\lib\taglib-1.12-win\build\taglib\tag.dir\release\tdebuglistener.obj
c:\users\aa\documents\max 8\packages\ears\source\lib\taglib-1.12-win\build\taglib\tag.dir\release\trefcounter.obj
c:\users\aa\documents\max 8\packages\ears\source\lib\taglib-1.12-win\build\taglib\tag.dir\release\tpropertymap.obj
c:\users\aa\documents\max 8\packages\ears\source\lib\taglib-1.12-win\build\taglib\tag.dir\release\tdebug.obj
c:\users\aa\documents\max 8\packages\ears\source\lib\taglib-1.12-win\build\taglib\tag.dir\release\tfilestream.obj
c:\users\aa\documents\max 8\packages\ears\source\lib\taglib-1.12-win\build\taglib\tag.dir\release\tfile.obj
c:\users\aa\documents\max 8\packages\ears\source\lib\taglib-1.12-win\build\taglib\tag.dir\release\tiostream.obj
c:\users\aa\documents\max 8\packages\ears\source\lib\taglib-1.12-win\build\taglib\tag.dir\release\tbytevectorstream.obj
c:\users\aa\documents\max 8\packages\ears\source\lib\taglib-1.12-win\build\taglib\tag.dir\release\tbytevectorlist.obj
c:\users\aa\documents\max 8\packages\ears\source\lib\taglib-1.12-win\build\taglib\tag.dir\release\tbytevector.obj
c:\users\aa\documents\max 8\packages\ears\source\lib\taglib-1.12-win\build\taglib\tag.dir\release\tstringlist.obj
c:\users\aa\documents\max 8\packages\ears\source\lib\taglib-1.12-win\build\taglib\tag.dir\release\tstring.obj
c:\users\aa\documents\max 8\packages\ears\source\lib\taglib-1.12-win\build\taglib\tag.dir\release\apeproperties.obj
c:\users\aa\documents\max 8\packages\ears\source\lib\taglib-1.12-win\build\taglib\tag.dir\release\apefile.obj
c:\users\aa\documents\max 8\packages\ears\source\lib\taglib-1.12-win\build\taglib\tag.dir\release\apeitem.obj
c:\users\aa\documents\max 8\packages\ears\source\lib\taglib-1.12-win\build\taglib\tag.dir\release\apefooter.obj
c:\users\aa\documents\max 8\packages\ears\source\lib\taglib-1.12-win\build\taglib\tag.dir\release\mp4file.obj
c:\users\aa\documents\max 8\packages\ears\source\lib\taglib-1.12-win\build\taglib\tag.dir\release\asfpicture.obj
c:\users\aa\documents\max 8\packages\ears\source\lib\taglib-1.12-win\build\taglib\tag.dir\release\asfattribute.obj
c:\users\aa\documents\max 8\packages\ears\source\lib\taglib-1.12-win\build\taglib\tag.dir\release\asfproperties.obj
c:\users\aa\documents\max 8\packages\ears\source\lib\taglib-1.12-win\build\taglib\tag.dir\release\asffile.obj
c:\users\aa\documents\max 8\packages\ears\source\lib\taglib-1.12-win\build\taglib\tag.dir\release\asftag.obj
c:\users\aa\documents\max 8\packages\ears\source\lib\taglib-1.12-win\build\taglib\tag.dir\release\infotag.obj
c:\users\aa\documents\max 8\packages\ears\source\lib\taglib-1.12-win\build\taglib\tag.dir\release\wavproperties.obj
c:\users\aa\documents\max 8\packages\ears\source\lib\taglib-1.12-win\build\taglib\tag.dir\release\wavfile.obj
c:\users\aa\documents\max 8\packages\ears\source\lib\taglib-1.12-win\build\taglib\tag.dir\release\aiffproperties.obj
c:\users\aa\documents\max 8\packages\ears\source\lib\taglib-1.12-win\build\taglib\tag.dir\release\aifffile.obj
c:\users\aa\documents\max 8\packages\ears\source\lib\taglib-1.12-win\build\taglib\tag.dir\release\rifffile.obj
c:\users\aa\documents\max 8\packages\ears\source\lib\taglib-1.12-win\build\taglib\tag.dir\release\trueaudioproperties.obj
c:\users\aa\documents\max 8\packages\ears\source\lib\taglib-1.12-win\build\taglib\tag.dir\release\trueaudiofile.obj
c:\users\aa\documents\max 8\packages\ears\source\lib\taglib-1.12-win\build\taglib\tag.dir\release\speexproperties.obj
c:\users\aa\documents\max 8\packages\ears\source\lib\taglib-1.12-win\build\taglib\tag.dir\release\speexfile.obj
c:\users\aa\documents\max 8\packages\ears\source\lib\taglib-1.12-win\build\taglib\tag.dir\release\wavpackproperties.obj
c:\users\aa\documents\max 8\packages\ears\source\lib\taglib-1.12-win\build\taglib\tag.dir\release\wavpackfile.obj
c:\users\aa\documents\max 8\packages\ears\source\lib\taglib-1.12-win\build\taglib\tag.dir\release\flacunknownmetadatablock.obj
c:\users\aa\documents\max 8\packages\ears\source\lib\taglib-1.12-win\build\taglib\tag.dir\release\flacmetadatablock.obj
c:\users\aa\documents\max 8\packages\ears\source\lib\taglib-1.12-win\build\taglib\tag.dir\release\fileref.obj
c:\users\aa\documents\max 8\packages\ears\source\lib\taglib-1.12-win\build\taglib\tag.dir\release\tagunion.obj
c:\users\aa\documents\max 8\packages\ears\source\lib\taglib-1.12-win\build\taglib\tag.dir\release\tag.obj
c:\users\aa\documents\max 8\packages\ears\source\lib\taglib-1.12-win\build\taglib\tag.dir\release\opusproperties.obj
c:\users\aa\documents\max 8\packages\ears\source\lib\taglib-1.12-win\build\taglib\tag.dir\release\opusfile.obj
c:\users\aa\documents\max 8\packages\ears\source\lib\taglib-1.12-win\build\taglib\tag.dir\release\xmproperties.obj
c:\users\aa\documents\max 8\packages\ears\source\lib\taglib-1.12-win\build\taglib\tag.dir\release\xmfile.obj
c:\users\aa\documents\max 8\packages\ears\source\lib\taglib-1.12-win\build\taglib\tag.dir\release\itproperties.obj
c:\users\aa\documents\max 8\packages\ears\source\lib\taglib-1.12-win\build\taglib\tag.dir\release\itfile.obj
c:\users\aa\documents\max 8\packages\ears\source\lib\taglib-1.12-win\build\taglib\tag.dir\release\s3mproperties.obj
c:\users\aa\documents\max 8\packages\ears\source\lib\taglib-1.12-win\build\taglib\tag.dir\release\s3mfile.obj
c:\users\aa\documents\max 8\packages\ears\source\lib\taglib-1.12-win\build\taglib\tag.dir\release\modproperties.obj
c:\users\aa\documents\max 8\packages\ears\source\lib\taglib-1.12-win\build\taglib\tag.dir\release\modtag.obj
c:\users\aa\documents\max 8\packages\ears\source\lib\taglib-1.12-win\build\taglib\tag.dir\release\modfile.obj
c:\users\aa\documents\max 8\packages\ears\source\lib\taglib-1.12-win\build\taglib\tag.dir\release\modfilebase.obj
c:\users\aa\documents\max 8\packages\ears\source\lib\taglib-1.12-win\build\taglib\tag.dir\release\mp4coverart.obj
c:\users\aa\documents\max 8\packages\ears\source\lib\taglib-1.12-win\build\taglib\tag.dir\release\mp4properties.obj
c:\users\aa\documents\max 8\packages\ears\source\lib\taglib-1.12-win\build\taglib\tag.dir\release\mp4item.obj
c:\users\aa\documents\max 8\packages\ears\source\lib\taglib-1.12-win\build\taglib\tag.dir\release\mp4tag.obj
c:\users\aa\documents\max 8\packages\ears\source\lib\taglib-1.12-win\build\taglib\tag.dir\release\mp4atom.obj
c:\users\aa\documents\max 8\packages\ears\source\lib\taglib-1.12-win\build\taglib\tag.dir\release\tagutils.obj
c:\users\aa\documents\max 8\packages\ears\source\lib\taglib-1.12-win\build\taglib\tag.dir\release\audioproperties.obj
c:\users\aa\documents\max 8\packages\ears\source\lib\taglib-1.12-win\build\taglib\cmakefiles\generate.stamp
c:\users\aa\documents\max 8\packages\ears\source\lib\taglib-1.12-win\build\taglib\release\tag.lib
c:\users\aa\documents\max 8\packages\ears\source\lib\taglib-1.12-win\build\taglib\tag.dir\release\tag.tlog\cl.command.1.tlog
c:\users\aa\documents\max 8\packages\ears\source\lib\taglib-1.12-win\build\taglib\tag.dir\release\tag.tlog\cl.read.1.tlog
c:\users\aa\documents\max 8\packages\ears\source\lib\taglib-1.12-win\build\taglib\tag.dir\release\tag.tlog\cl.write.1.tlog
c:\users\aa\documents\max 8\packages\ears\source\lib\taglib-1.12-win\build\taglib\tag.dir\release\tag.tlog\custombuild.command.1.tlog
c:\users\aa\documents\max 8\packages\ears\source\lib\taglib-1.12-win\build\taglib\tag.dir\release\tag.tlog\custombuild.read.1.tlog
c:\users\aa\documents\max 8\packages\ears\source\lib\taglib-1.12-win\build\taglib\tag.dir\release\tag.tlog\custombuild.write.1.tlog
c:\users\aa\documents\max 8\packages\ears\source\lib\taglib-1.12-win\build\taglib\tag.dir\release\tag.tlog\lib-link.read.1.tlog
c:\users\aa\documents\max 8\packages\ears\source\lib\taglib-1.12-win\build\taglib\tag.dir\release\tag.tlog\lib-link.write.1.tlog
c:\users\aa\documents\max 8\packages\ears\source\lib\taglib-1.12-win\build\taglib\tag.dir\release\tag.tlog\lib.command.1.tlog
