This file contains any messages produced by compilers while
running configure, to aid debugging if configure makes a mistake.

It was created by libaiff configure 5.0, which was
generated by GNU Autoconf 2.61.  Invocation command line was

  $ ./configure 

## --------- ##
## Platform. ##
## --------- ##

hostname = MBPdiDaniele2
uname -m = x86_64
uname -r = 17.7.0
uname -s = Darwin
uname -v = Darwin Kernel Version 17.7.0: Thu Jun 21 22:53:14 PDT 2018; root:xnu-4570.71.2~1/RELEASE_X86_64

/usr/bin/uname -p = i386
/bin/uname -X     = unknown

/bin/arch              = unknown
/usr/bin/arch -k       = unknown
/usr/convex/getsysinfo = unknown
/usr/bin/hostinfo      = Mach kernel version:
	 Darwin Kernel Version 17.7.0: Thu Jun 21 22:53:14 PDT 2018; root:xnu-4570.71.2~1/RELEASE_X86_64
Kernel configured for up to 8 processors.
4 processors are physically available.
8 processors are logically available.
Processor type: x86_64h (Intel x86-64h Haswell)
Processors active: 0 1 2 3 4 5 6 7
Primary memory available: 16.00 gigabytes
Default processor set: 408 tasks, 2362 threads, 8 processors
Load average: 1.44, Mach factor: 6.54
/bin/machine           = unknown
/usr/bin/oslevel       = unknown
/bin/universe          = unknown

PATH: /Library/Frameworks/Python.framework/Versions/3.8/bin
PATH: /usr/local/opt/texinfo/bin
PATH: /usr/local/opt/bison/bin
PATH: /Users/danieleghisi/torch-cl/install/bin
PATH: /usr/local/bin
PATH: /usr/local/bin
PATH: /usr/bin
PATH: /bin
PATH: /usr/sbin
PATH: /sbin
PATH: /Library/TeX/texbin
PATH: /usr/local/mysql/bin
PATH: /opt/X11/bin


## ----------- ##
## Core tests. ##
## ----------- ##

configure:1739: checking for gcc
configure:1755: found /usr/bin/gcc
configure:1766: result: gcc
configure:2004: checking for C compiler version
configure:2011: gcc --version >&5
Configured with: --prefix=/Applications/Xcode.app/Contents/Developer/usr --with-gxx-include-dir=/usr/include/c++/4.2.1
Apple LLVM version 9.0.0 (clang-900.0.39.2)
Target: x86_64-apple-darwin17.7.0
Thread model: posix
InstalledDir: /Applications/Xcode.app/Contents/Developer/Toolchains/XcodeDefault.xctoolchain/usr/bin
configure:2014: $? = 0
configure:2021: gcc -v >&5
Configured with: --prefix=/Applications/Xcode.app/Contents/Developer/usr --with-gxx-include-dir=/usr/include/c++/4.2.1
Apple LLVM version 9.0.0 (clang-900.0.39.2)
Target: x86_64-apple-darwin17.7.0
Thread model: posix
InstalledDir: /Applications/Xcode.app/Contents/Developer/Toolchains/XcodeDefault.xctoolchain/usr/bin
configure:2024: $? = 0
configure:2031: gcc -V >&5
clang: error: argument to '-V' is missing (expected 1 value)
clang: error: no input files
configure:2034: $? = 1
configure:2057: checking for C compiler default output file name
configure:2084: gcc    conftest.c  >&5
configure:2087: $? = 0
configure:2125: result: a.out
configure:2142: checking whether the C compiler works
configure:2152: ./a.out
configure:2155: $? = 0
configure:2172: result: yes
configure:2179: checking whether we are cross compiling
configure:2181: result: no
configure:2184: checking for suffix of executables
configure:2191: gcc -o conftest    conftest.c  >&5
configure:2194: $? = 0
configure:2218: result: 
configure:2224: checking for suffix of object files
configure:2250: gcc -c   conftest.c >&5
configure:2253: $? = 0
configure:2276: result: o
configure:2280: checking whether we are using the GNU C compiler
configure:2309: gcc -c   conftest.c >&5
configure:2315: $? = 0
configure:2332: result: yes
configure:2337: checking whether gcc accepts -g
configure:2367: gcc -c -g  conftest.c >&5
configure:2373: $? = 0
configure:2472: result: yes
configure:2489: checking for gcc option to accept ISO C89
configure:2563: gcc  -c -g -O2  conftest.c >&5
configure:2569: $? = 0
configure:2592: result: none needed
configure:2653: checking for ranlib
configure:2669: found /usr/bin/ranlib
configure:2680: result: ranlib
configure:2720: checking how to run the C preprocessor
configure:2760: gcc -E  conftest.c
configure:2766: $? = 0
configure:2797: gcc -E  conftest.c
conftest.c:8:10: fatal error: 'ac_nonexistent.h' file not found
#include <ac_nonexistent.h>
         ^~~~~~~~~~~~~~~~~~
1 error generated.
configure:2803: $? = 1
configure: failed program was:
| /* confdefs.h.  */
| #define PACKAGE_NAME "libaiff"
| #define PACKAGE_TARNAME "libaiff"
| #define PACKAGE_VERSION "5.0"
| #define PACKAGE_STRING "libaiff 5.0"
| #define PACKAGE_BUGREPORT "marcotrillo@gmail.com"
| /* end confdefs.h.  */
| #include <ac_nonexistent.h>
configure:2836: result: gcc -E
configure:2865: gcc -E  conftest.c
configure:2871: $? = 0
configure:2902: gcc -E  conftest.c
conftest.c:8:10: fatal error: 'ac_nonexistent.h' file not found
#include <ac_nonexistent.h>
         ^~~~~~~~~~~~~~~~~~
1 error generated.
configure:2908: $? = 1
configure: failed program was:
| /* confdefs.h.  */
| #define PACKAGE_NAME "libaiff"
| #define PACKAGE_TARNAME "libaiff"
| #define PACKAGE_VERSION "5.0"
| #define PACKAGE_STRING "libaiff 5.0"
| #define PACKAGE_BUGREPORT "marcotrillo@gmail.com"
| /* end confdefs.h.  */
| #include <ac_nonexistent.h>
configure:2946: checking for grep that handles long lines and -e
configure:3020: result: /usr/bin/grep
configure:3025: checking for egrep
configure:3103: result: /usr/bin/grep -E
configure:3108: checking for ANSI C header files
configure:3138: gcc -c -g -O2  conftest.c >&5
configure:3144: $? = 0
configure:3243: gcc -o conftest -g -O2   conftest.c  >&5
configure:3246: $? = 0
configure:3252: ./conftest
configure:3255: $? = 0
configure:3272: result: yes
configure:3296: checking for sys/types.h
configure:3317: gcc -c -g -O2  conftest.c >&5
configure:3323: $? = 0
configure:3339: result: yes
configure:3296: checking for sys/stat.h
configure:3317: gcc -c -g -O2  conftest.c >&5
configure:3323: $? = 0
configure:3339: result: yes
configure:3296: checking for stdlib.h
configure:3317: gcc -c -g -O2  conftest.c >&5
configure:3323: $? = 0
configure:3339: result: yes
configure:3296: checking for string.h
configure:3317: gcc -c -g -O2  conftest.c >&5
configure:3323: $? = 0
configure:3339: result: yes
configure:3296: checking for memory.h
configure:3317: gcc -c -g -O2  conftest.c >&5
configure:3323: $? = 0
configure:3339: result: yes
configure:3296: checking for strings.h
configure:3317: gcc -c -g -O2  conftest.c >&5
configure:3323: $? = 0
configure:3339: result: yes
configure:3296: checking for inttypes.h
configure:3317: gcc -c -g -O2  conftest.c >&5
configure:3323: $? = 0
configure:3339: result: yes
configure:3296: checking for stdint.h
configure:3317: gcc -c -g -O2  conftest.c >&5
configure:3323: $? = 0
configure:3339: result: yes
configure:3296: checking for unistd.h
configure:3317: gcc -c -g -O2  conftest.c >&5
configure:3323: $? = 0
configure:3339: result: yes
configure:3351: checking whether byte ordering is bigendian
configure:3384: gcc -c -g -O2  conftest.c >&5
configure:3390: $? = 0
configure:3422: gcc -c -g -O2  conftest.c >&5
conftest.c:25:2: error: use of undeclared identifier 'not'
 not big endian
 ^
1 error generated.
configure:3428: $? = 1
configure: failed program was:
| /* confdefs.h.  */
| #define PACKAGE_NAME "libaiff"
| #define PACKAGE_TARNAME "libaiff"
| #define PACKAGE_VERSION "5.0"
| #define PACKAGE_STRING "libaiff 5.0"
| #define PACKAGE_BUGREPORT "marcotrillo@gmail.com"
| #define STDC_HEADERS 1
| #define HAVE_SYS_TYPES_H 1
| #define HAVE_SYS_STAT_H 1
| #define HAVE_STDLIB_H 1
| #define HAVE_STRING_H 1
| #define HAVE_MEMORY_H 1
| #define HAVE_STRINGS_H 1
| #define HAVE_INTTYPES_H 1
| #define HAVE_STDINT_H 1
| #define HAVE_UNISTD_H 1
| /* end confdefs.h.  */
| #include <sys/types.h>
| #include <sys/param.h>
| 
| int
| main ()
| {
| #if BYTE_ORDER != BIG_ENDIAN
|  not big endian
| #endif
| 
|   ;
|   return 0;
| }
configure:3568: result: no
configure:3589: checking for ANSI C header files
configure:3753: result: yes
configure:3770: checking for sys/types.h
configure:3776: result: yes
configure:3770: checking for strings.h
configure:3776: result: yes
configure:3770: checking for string.h
configure:3776: result: yes
configure:3918: checking for memset
configure:3974: gcc -o conftest -g -O2   conftest.c  >&5
conftest.c:45:6: warning: incompatible redeclaration of library function 'memset' [-Wincompatible-library-redeclaration]
char memset ();
     ^
conftest.c:45:6: note: 'memset' is a builtin with type 'void *(void *, int, unsigned long)'
1 warning generated.
configure:3980: $? = 0
configure:3998: result: yes
configure:3918: checking for bzero
configure:3974: gcc -o conftest -g -O2   conftest.c  >&5
conftest.c:46:6: warning: incompatible redeclaration of library function 'bzero' [-Wincompatible-library-redeclaration]
char bzero ();
     ^
conftest.c:46:6: note: 'bzero' is a builtin with type 'void (void *, unsigned long)'
1 warning generated.
configure:3980: $? = 0
configure:3998: result: yes
configure:3918: checking for abort
configure:3974: gcc -o conftest -g -O2   conftest.c  >&5
conftest.c:47:6: warning: incompatible redeclaration of library function 'abort' [-Wincompatible-library-redeclaration]
char abort ();
     ^
conftest.c:47:6: note: 'abort' is a builtin with type 'void (void) __attribute__((noreturn))'
1 warning generated.
configure:3980: $? = 0
configure:3998: result: yes
configure:4009: checking for size_t
configure:4039: gcc -c -g -O2  conftest.c >&5
configure:4045: $? = 0
configure:4060: result: yes
configure:4073: checking for int8_t
configure:4104: gcc -c -g -O2  conftest.c >&5
configure:4110: $? = 0
configure:4139: gcc -c -g -O2  conftest.c >&5
conftest.c:61:24: error: 'test_array' declared as an array with a negative size
static int test_array [1 - 2 * !((int8_t) ((((int8_t) 1 << (8 - 2)) - 1) * 2 + 1)
                       ^~~~~~~~~~~~~~~~~~~~~~~~~~~~~~~~~~~~~~~~~~~~~~~~~~~~~~~~~~
1 error generated.
configure:4145: $? = 1
configure: failed program was:
| /* confdefs.h.  */
| #define PACKAGE_NAME "libaiff"
| #define PACKAGE_TARNAME "libaiff"
| #define PACKAGE_VERSION "5.0"
| #define PACKAGE_STRING "libaiff 5.0"
| #define PACKAGE_BUGREPORT "marcotrillo@gmail.com"
| #define STDC_HEADERS 1
| #define HAVE_SYS_TYPES_H 1
| #define HAVE_SYS_STAT_H 1
| #define HAVE_STDLIB_H 1
| #define HAVE_STRING_H 1
| #define HAVE_MEMORY_H 1
| #define HAVE_STRINGS_H 1
| #define HAVE_INTTYPES_H 1
| #define HAVE_STDINT_H 1
| #define HAVE_UNISTD_H 1
| #define STDC_HEADERS 1
| #define HAVE_SYS_TYPES_H 1
| #define HAVE_STRINGS_H 1
| #define HAVE_STRING_H 1
| #define HAVE_MEMSET 1
| #define HAVE_BZERO 1
| #define HAVE_ABORT 1
| /* end confdefs.h.  */
| #include <stdio.h>
| #ifdef HAVE_SYS_TYPES_H
| # include <sys/types.h>
| #endif
| #ifdef HAVE_SYS_STAT_H
| # include <sys/stat.h>
| #endif
| #ifdef STDC_HEADERS
| # include <stdlib.h>
| # include <stddef.h>
| #else
| # ifdef HAVE_STDLIB_H
| #  include <stdlib.h>
| # endif
| #endif
| #ifdef HAVE_STRING_H
| # if !defined STDC_HEADERS && defined HAVE_MEMORY_H
| #  include <memory.h>
| # endif
| # include <string.h>
| #endif
| #ifdef HAVE_STRINGS_H
| # include <strings.h>
| #endif
| #ifdef HAVE_INTTYPES_H
| # include <inttypes.h>
| #endif
| #ifdef HAVE_STDINT_H
| # include <stdint.h>
| #endif
| #ifdef HAVE_UNISTD_H
| # include <unistd.h>
| #endif
| int
| main ()
| {
| static int test_array [1 - 2 * !((int8_t) ((((int8_t) 1 << (8 - 2)) - 1) * 2 + 1)
| 	         < (int8_t) ((((int8_t) 1 << (8 - 2)) - 1) * 2 + 2))];
| test_array [0] = 0
| 
|   ;
|   return 0;
| }
configure:4174: result: yes
configure:4187: checking for uint8_t
configure:4218: gcc -c -g -O2  conftest.c >&5
configure:4224: $? = 0
configure:4245: result: yes
configure:4263: checking for int16_t
configure:4294: gcc -c -g -O2  conftest.c >&5
configure:4300: $? = 0
configure:4329: gcc -c -g -O2  conftest.c >&5
conftest.c:61:24: error: 'test_array' declared as an array with a negative size
static int test_array [1 - 2 * !((int16_t) ((((int16_t) 1 << (16 - 2)) - 1) * 2 + 1)
                       ^~~~~~~~~~~~~~~~~~~~~~~~~~~~~~~~~~~~~~~~~~~~~~~~~~~~~~~~~~~~~
1 error generated.
configure:4335: $? = 1
configure: failed program was:
| /* confdefs.h.  */
| #define PACKAGE_NAME "libaiff"
| #define PACKAGE_TARNAME "libaiff"
| #define PACKAGE_VERSION "5.0"
| #define PACKAGE_STRING "libaiff 5.0"
| #define PACKAGE_BUGREPORT "marcotrillo@gmail.com"
| #define STDC_HEADERS 1
| #define HAVE_SYS_TYPES_H 1
| #define HAVE_SYS_STAT_H 1
| #define HAVE_STDLIB_H 1
| #define HAVE_STRING_H 1
| #define HAVE_MEMORY_H 1
| #define HAVE_STRINGS_H 1
| #define HAVE_INTTYPES_H 1
| #define HAVE_STDINT_H 1
| #define HAVE_UNISTD_H 1
| #define STDC_HEADERS 1
| #define HAVE_SYS_TYPES_H 1
| #define HAVE_STRINGS_H 1
| #define HAVE_STRING_H 1
| #define HAVE_MEMSET 1
| #define HAVE_BZERO 1
| #define HAVE_ABORT 1
| /* end confdefs.h.  */
| #include <stdio.h>
| #ifdef HAVE_SYS_TYPES_H
| # include <sys/types.h>
| #endif
| #ifdef HAVE_SYS_STAT_H
| # include <sys/stat.h>
| #endif
| #ifdef STDC_HEADERS
| # include <stdlib.h>
| # include <stddef.h>
| #else
| # ifdef HAVE_STDLIB_H
| #  include <stdlib.h>
| # endif
| #endif
| #ifdef HAVE_STRING_H
| # if !defined STDC_HEADERS && defined HAVE_MEMORY_H
| #  include <memory.h>
| # endif
| # include <string.h>
| #endif
| #ifdef HAVE_STRINGS_H
| # include <strings.h>
| #endif
| #ifdef HAVE_INTTYPES_H
| # include <inttypes.h>
| #endif
| #ifdef HAVE_STDINT_H
| # include <stdint.h>
| #endif
| #ifdef HAVE_UNISTD_H
| # include <unistd.h>
| #endif
| int
| main ()
| {
| static int test_array [1 - 2 * !((int16_t) ((((int16_t) 1 << (16 - 2)) - 1) * 2 + 1)
| 	         < (int16_t) ((((int16_t) 1 << (16 - 2)) - 1) * 2 + 2))];
| test_array [0] = 0
| 
|   ;
|   return 0;
| }
configure:4364: result: yes
configure:4377: checking for uint16_t
configure:4408: gcc -c -g -O2  conftest.c >&5
configure:4414: $? = 0
configure:4435: result: yes
configure:4449: checking for int32_t
configure:4480: gcc -c -g -O2  conftest.c >&5
configure:4486: $? = 0
configure:4515: gcc -c -g -O2  conftest.c >&5
conftest.c:61:24: error: 'test_array' declared as an array with a negative size
static int test_array [1 - 2 * !((int32_t) ((((int32_t) 1 << (32 - 2)) - 1) * 2 + 1)
                       ^~~~~~~~~~~~~~~~~~~~~~~~~~~~~~~~~~~~~~~~~~~~~~~~~~~~~~~~~~~~~
1 error generated.
configure:4521: $? = 1
configure: failed program was:
| /* confdefs.h.  */
| #define PACKAGE_NAME "libaiff"
| #define PACKAGE_TARNAME "libaiff"
| #define PACKAGE_VERSION "5.0"
| #define PACKAGE_STRING "libaiff 5.0"
| #define PACKAGE_BUGREPORT "marcotrillo@gmail.com"
| #define STDC_HEADERS 1
| #define HAVE_SYS_TYPES_H 1
| #define HAVE_SYS_STAT_H 1
| #define HAVE_STDLIB_H 1
| #define HAVE_STRING_H 1
| #define HAVE_MEMORY_H 1
| #define HAVE_STRINGS_H 1
| #define HAVE_INTTYPES_H 1
| #define HAVE_STDINT_H 1
| #define HAVE_UNISTD_H 1
| #define STDC_HEADERS 1
| #define HAVE_SYS_TYPES_H 1
| #define HAVE_STRINGS_H 1
| #define HAVE_STRING_H 1
| #define HAVE_MEMSET 1
| #define HAVE_BZERO 1
| #define HAVE_ABORT 1
| /* end confdefs.h.  */
| #include <stdio.h>
| #ifdef HAVE_SYS_TYPES_H
| # include <sys/types.h>
| #endif
| #ifdef HAVE_SYS_STAT_H
| # include <sys/stat.h>
| #endif
| #ifdef STDC_HEADERS
| # include <stdlib.h>
| # include <stddef.h>
| #else
| # ifdef HAVE_STDLIB_H
| #  include <stdlib.h>
| # endif
| #endif
| #ifdef HAVE_STRING_H
| # if !defined STDC_HEADERS && defined HAVE_MEMORY_H
| #  include <memory.h>
| # endif
| # include <string.h>
| #endif
| #ifdef HAVE_STRINGS_H
| # include <strings.h>
| #endif
| #ifdef HAVE_INTTYPES_H
| # include <inttypes.h>
| #endif
| #ifdef HAVE_STDINT_H
| # include <stdint.h>
| #endif
| #ifdef HAVE_UNISTD_H
| # include <unistd.h>
| #endif
| int
| main ()
| {
| static int test_array [1 - 2 * !((int32_t) ((((int32_t) 1 << (32 - 2)) - 1) * 2 + 1)
| 	         < (int32_t) ((((int32_t) 1 << (32 - 2)) - 1) * 2 + 2))];
| test_array [0] = 0
| 
|   ;
|   return 0;
| }
configure:4550: result: yes
configure:4563: checking for uint32_t
configure:4594: gcc -c -g -O2  conftest.c >&5
configure:4600: $? = 0
configure:4621: result: yes
configure:4639: checking for int64_t
configure:4670: gcc -c -g -O2  conftest.c >&5
configure:4676: $? = 0
configure:4705: gcc -c -g -O2  conftest.c >&5
conftest.c:61:24: error: 'test_array' declared as an array with a negative size
static int test_array [1 - 2 * !((int64_t) ((((int64_t) 1 << (64 - 2)) - 1) * 2 + 1)
                       ^~~~~~~~~~~~~~~~~~~~~~~~~~~~~~~~~~~~~~~~~~~~~~~~~~~~~~~~~~~~~
1 error generated.
configure:4711: $? = 1
configure: failed program was:
| /* confdefs.h.  */
| #define PACKAGE_NAME "libaiff"
| #define PACKAGE_TARNAME "libaiff"
| #define PACKAGE_VERSION "5.0"
| #define PACKAGE_STRING "libaiff 5.0"
| #define PACKAGE_BUGREPORT "marcotrillo@gmail.com"
| #define STDC_HEADERS 1
| #define HAVE_SYS_TYPES_H 1
| #define HAVE_SYS_STAT_H 1
| #define HAVE_STDLIB_H 1
| #define HAVE_STRING_H 1
| #define HAVE_MEMORY_H 1
| #define HAVE_STRINGS_H 1
| #define HAVE_INTTYPES_H 1
| #define HAVE_STDINT_H 1
| #define HAVE_UNISTD_H 1
| #define STDC_HEADERS 1
| #define HAVE_SYS_TYPES_H 1
| #define HAVE_STRINGS_H 1
| #define HAVE_STRING_H 1
| #define HAVE_MEMSET 1
| #define HAVE_BZERO 1
| #define HAVE_ABORT 1
| /* end confdefs.h.  */
| #include <stdio.h>
| #ifdef HAVE_SYS_TYPES_H
| # include <sys/types.h>
| #endif
| #ifdef HAVE_SYS_STAT_H
| # include <sys/stat.h>
| #endif
| #ifdef STDC_HEADERS
| # include <stdlib.h>
| # include <stddef.h>
| #else
| # ifdef HAVE_STDLIB_H
| #  include <stdlib.h>
| # endif
| #endif
| #ifdef HAVE_STRING_H
| # if !defined STDC_HEADERS && defined HAVE_MEMORY_H
| #  include <memory.h>
| # endif
| # include <string.h>
| #endif
| #ifdef HAVE_STRINGS_H
| # include <strings.h>
| #endif
| #ifdef HAVE_INTTYPES_H
| # include <inttypes.h>
| #endif
| #ifdef HAVE_STDINT_H
| # include <stdint.h>
| #endif
| #ifdef HAVE_UNISTD_H
| # include <unistd.h>
| #endif
| int
| main ()
| {
| static int test_array [1 - 2 * !((int64_t) ((((int64_t) 1 << (64 - 2)) - 1) * 2 + 1)
| 	         < (int64_t) ((((int64_t) 1 << (64 - 2)) - 1) * 2 + 2))];
| test_array [0] = 0
| 
|   ;
|   return 0;
| }
configure:4740: result: yes
configure:4753: checking for uint64_t
configure:4784: gcc -c -g -O2  conftest.c >&5
configure:4790: $? = 0
configure:4811: result: yes
configure:4932: creating ./config.status

## ---------------------- ##
## Running config.status. ##
## ---------------------- ##

This file was extended by libaiff config.status 5.0, which was
generated by GNU Autoconf 2.61.  Invocation command line was

  CONFIG_FILES    = 
  CONFIG_HEADERS  = 
  CONFIG_LINKS    = 
  CONFIG_COMMANDS = 
  $ ./config.status 

on MBPdiDaniele2

config.status:592: creating Makefile
config.status:592: creating libaiff/config.h
config.status:812: libaiff/config.h is unchanged

## ---------------- ##
## Cache variables. ##
## ---------------- ##

ac_cv_c_bigendian=no
ac_cv_c_compiler_gnu=yes
ac_cv_c_int16_t=yes
ac_cv_c_int32_t=yes
ac_cv_c_int64_t=yes
ac_cv_c_int8_t=yes
ac_cv_c_uint16_t=yes
ac_cv_c_uint32_t=yes
ac_cv_c_uint64_t=yes
ac_cv_c_uint8_t=yes
ac_cv_env_CC_set=
ac_cv_env_CC_value=
ac_cv_env_CFLAGS_set=
ac_cv_env_CFLAGS_value=
ac_cv_env_CPPFLAGS_set=
ac_cv_env_CPPFLAGS_value=
ac_cv_env_CPP_set=
ac_cv_env_CPP_value=
ac_cv_env_LDFLAGS_set=
ac_cv_env_LDFLAGS_value=
ac_cv_env_LIBS_set=
ac_cv_env_LIBS_value=
ac_cv_env_build_alias_set=
ac_cv_env_build_alias_value=
ac_cv_env_host_alias_set=
ac_cv_env_host_alias_value=
ac_cv_env_target_alias_set=
ac_cv_env_target_alias_value=
ac_cv_func_abort=yes
ac_cv_func_bzero=yes
ac_cv_func_memset=yes
ac_cv_header_inttypes_h=yes
ac_cv_header_memory_h=yes
ac_cv_header_stdc=yes
ac_cv_header_stdint_h=yes
ac_cv_header_stdlib_h=yes
ac_cv_header_string_h=yes
ac_cv_header_strings_h=yes
ac_cv_header_sys_stat_h=yes
ac_cv_header_sys_types_h=yes
ac_cv_header_unistd_h=yes
ac_cv_objext=o
ac_cv_path_EGREP='/usr/bin/grep -E'
ac_cv_path_GREP=/usr/bin/grep
ac_cv_prog_CPP='gcc -E'
ac_cv_prog_ac_ct_CC=gcc
ac_cv_prog_ac_ct_RANLIB=ranlib
ac_cv_prog_cc_c89=
ac_cv_prog_cc_g=yes
ac_cv_type_size_t=yes

## ----------------- ##
## Output variables. ##
## ----------------- ##

CC='gcc'
CFLAGS='-g -O2'
CPP='gcc -E'
CPPFLAGS=''
DEFS='-DHAVE_CONFIG_H'
ECHO_C='ECHO_N=''
ECHO_T=''
EGREP='/usr/bin/grep -E'
EXEEXT=''
GREP='/usr/bin/grep'
LDFLAGS=''
LIBOBJS=''
LIBS=''
LTLIBOBJS=''
OBJEXT='o'
PACKAGE_BUGREPORT='marcotrillo@gmail.com'
PACKAGE_NAME='libaiff'
PACKAGE_STRING='libaiff 5.0'
PACKAGE_TARNAME='libaiff'
PACKAGE_VERSION='5.0'
PATH_SEPARATOR=':'
RANLIB='ranlib'
SHELL='/bin/sh'
ac_ct_CC='gcc'
bindir='${exec_prefix}/bin'
build_alias=''
datadir='${datarootdir}'
datarootdir='${prefix}/share'
docdir='${datarootdir}/doc/${PACKAGE_TARNAME}'
dvidir='${docdir}'
exec_prefix='${prefix}'
host_alias=''
htmldir='${docdir}'
includedir='${prefix}/include'
infodir='${datarootdir}/info'
libdir='${exec_prefix}/lib'
libexecdir='${exec_prefix}/libexec'
localedir='${datarootdir}/locale'
localstatedir='${prefix}/var'
mandir='${datarootdir}/man'
oldincludedir='/usr/include'
pdfdir='${docdir}'
prefix='/usr/local'
program_transform_name='s,x,x,'
psdir='${docdir}'
sbindir='${exec_prefix}/sbin'
sharedstatedir='${prefix}/com'
sysconfdir='${prefix}/etc'
target_alias=''

## ----------- ##
## confdefs.h. ##
## ----------- ##

#define PACKAGE_NAME "libaiff"
#define PACKAGE_TARNAME "libaiff"
#define PACKAGE_VERSION "5.0"
#define PACKAGE_STRING "libaiff 5.0"
#define PACKAGE_BUGREPORT "marcotrillo@gmail.com"
#define STDC_HEADERS 1
#define HAVE_SYS_TYPES_H 1
#define HAVE_SYS_STAT_H 1
#define HAVE_STDLIB_H 1
#define HAVE_STRING_H 1
#define HAVE_MEMORY_H 1
#define HAVE_STRINGS_H 1
#define HAVE_INTTYPES_H 1
#define HAVE_STDINT_H 1
#define HAVE_UNISTD_H 1
#define STDC_HEADERS 1
#define HAVE_SYS_TYPES_H 1
#define HAVE_STRINGS_H 1
#define HAVE_STRING_H 1
#define HAVE_MEMSET 1
#define HAVE_BZERO 1
#define HAVE_ABORT 1

configure: exit 0
