  compat.c
c1 : fatal error C1083: Cannot open source file: '..\..\..\..\src\libmpg123\compat.c': No such file or directory
  dct64.c
C:\Users\aa\Documents\Max 8\Packages\ears\source\lib\mpg123-master-win\src\libmpg123\mpg123lib_intern.h(17,10): fatal error C1083: Cannot open include file: 'intsym.h': No such file or directory
  dct64_i386.c
C:\Users\aa\Documents\Max 8\Packages\ears\source\lib\mpg123-master-win\src\libmpg123\mpg123lib_intern.h(17,10): fatal error C1083: Cannot open include file: 'intsym.h': No such file or directory
  equalizer.c
C:\Users\aa\Documents\Max 8\Packages\ears\source\lib\mpg123-master-win\src\libmpg123\mpg123lib_intern.h(17,10): fatal error C1083: Cannot open include file: 'intsym.h': No such file or directory
  feature.c
C:\Users\aa\Documents\Max 8\Packages\ears\source\lib\mpg123-master-win\src\libmpg123\mpg123lib_intern.h(17,10): fatal error C1083: Cannot open include file: 'intsym.h': No such file or directory
  format.c
C:\Users\aa\Documents\Max 8\Packages\ears\source\lib\mpg123-master-win\src\libmpg123\mpg123lib_intern.h(17,10): fatal error C1083: Cannot open include file: 'intsym.h': No such file or directory
  frame.c
C:\Users\aa\Documents\Max 8\Packages\ears\source\lib\mpg123-master-win\src\libmpg123\mpg123lib_intern.h(17,10): fatal error C1083: Cannot open include file: 'intsym.h': No such file or directory
  icy.c
C:\Users\aa\Documents\Max 8\Packages\ears\source\lib\mpg123-master-win\src\libmpg123\icy.c(10,10): fatal error C1083: Cannot open include file: 'intsym.h': No such file or directory
  icy2utf8.c
C:\Users\aa\Documents\Max 8\Packages\ears\source\lib\mpg123-master-win\src\libmpg123\icy2utf8.c(30,10): fatal error C1083: Cannot open include file: 'intsym.h': No such file or directory
  id3.c
C:\Users\aa\Documents\Max 8\Packages\ears\source\lib\mpg123-master-win\src\libmpg123\mpg123lib_intern.h(17,10): fatal error C1083: Cannot open include file: 'intsym.h': No such file or directory
  index.c
C:\Users\aa\Documents\Max 8\Packages\ears\source\lib\mpg123-master-win\src\libmpg123\index.c(10,10): fatal error C1083: Cannot open include file: 'intsym.h': No such file or directory
  layer1.c
C:\Users\aa\Documents\Max 8\Packages\ears\source\lib\mpg123-master-win\src\libmpg123\mpg123lib_intern.h(17,10): fatal error C1083: Cannot open include file: 'intsym.h': No such file or directory
  layer2.c
C:\Users\aa\Documents\Max 8\Packages\ears\source\lib\mpg123-master-win\src\libmpg123\mpg123lib_intern.h(17,10): fatal error C1083: Cannot open include file: 'intsym.h': No such file or directory
  layer3.c
C:\Users\aa\Documents\Max 8\Packages\ears\source\lib\mpg123-master-win\src\libmpg123\mpg123lib_intern.h(17,10): fatal error C1083: Cannot open include file: 'intsym.h': No such file or directory
  libmpg123.c
C:\Users\aa\Documents\Max 8\Packages\ears\source\lib\mpg123-master-win\src\libmpg123\mpg123lib_intern.h(17,10): fatal error C1083: Cannot open include file: 'intsym.h': No such file or directory
  msvc.c
C:\Users\aa\Documents\Max 8\Packages\ears\source\lib\mpg123-master-win\src\libmpg123\mpg123lib_intern.h(17,10): fatal error C1083: Cannot open include file: 'intsym.h': No such file or directory
  ntom.c
C:\Users\aa\Documents\Max 8\Packages\ears\source\lib\mpg123-master-win\src\libmpg123\mpg123lib_intern.h(17,10): fatal error C1083: Cannot open include file: 'intsym.h': No such file or directory
  optimize.c
C:\Users\aa\Documents\Max 8\Packages\ears\source\lib\mpg123-master-win\src\libmpg123\mpg123lib_intern.h(17,10): fatal error C1083: Cannot open include file: 'intsym.h': No such file or directory
  parse.c
C:\Users\aa\Documents\Max 8\Packages\ears\source\lib\mpg123-master-win\src\libmpg123\mpg123lib_intern.h(17,10): fatal error C1083: Cannot open include file: 'intsym.h': No such file or directory
  readers.c
C:\Users\aa\Documents\Max 8\Packages\ears\source\lib\mpg123-master-win\src\libmpg123\mpg123lib_intern.h(17,10): fatal error C1083: Cannot open include file: 'intsym.h': No such file or directory
  Generating Code...
  Compiling...
  stringbuf.c
C:\Users\aa\Documents\Max 8\Packages\ears\source\lib\mpg123-master-win\src\libmpg123\mpg123lib_intern.h(17,10): fatal error C1083: Cannot open include file: 'intsym.h': No such file or directory
  synth.c
C:\Users\aa\Documents\Max 8\Packages\ears\source\lib\mpg123-master-win\src\libmpg123\mpg123lib_intern.h(17,10): fatal error C1083: Cannot open include file: 'intsym.h': No such file or directory
  synth_8bit.c
C:\Users\aa\Documents\Max 8\Packages\ears\source\lib\mpg123-master-win\src\libmpg123\mpg123lib_intern.h(17,10): fatal error C1083: Cannot open include file: 'intsym.h': No such file or directory
  synth_real.c
C:\Users\aa\Documents\Max 8\Packages\ears\source\lib\mpg123-master-win\src\libmpg123\mpg123lib_intern.h(17,10): fatal error C1083: Cannot open include file: 'intsym.h': No such file or directory
  synth_s32.c
C:\Users\aa\Documents\Max 8\Packages\ears\source\lib\mpg123-master-win\src\libmpg123\mpg123lib_intern.h(17,10): fatal error C1083: Cannot open include file: 'intsym.h': No such file or directory
  tabinit.c
C:\Users\aa\Documents\Max 8\Packages\ears\source\lib\mpg123-master-win\src\libmpg123\mpg123lib_intern.h(17,10): fatal error C1083: Cannot open include file: 'intsym.h': No such file or directory
  Generating Code...
