c:\users\aa\documents\max 8\packages\ears\source\vs\x64\release\rubberband-library.pdb
c:\users\aa\documents\max 8\packages\ears\source\lib\rubberband-master\x64\release\thread.obj
c:\users\aa\documents\max 8\packages\ears\source\lib\rubberband-master\x64\release\sysutils.obj
c:\users\aa\documents\max 8\packages\ears\source\lib\rubberband-master\x64\release\allocators.obj
c:\users\aa\documents\max 8\packages\ears\source\lib\rubberband-master\x64\release\stretcherprocess.obj
c:\users\aa\documents\max 8\packages\ears\source\lib\rubberband-master\x64\release\stretcherimpl.obj
c:\users\aa\documents\max 8\packages\ears\source\lib\rubberband-master\x64\release\stretcherchanneldata.obj
c:\users\aa\documents\max 8\packages\ears\source\lib\rubberband-master\x64\release\stretchcalculator.obj
c:\users\aa\documents\max 8\packages\ears\source\lib\rubberband-master\x64\release\rubberbandstretcher.obj
c:\users\aa\documents\max 8\packages\ears\source\lib\rubberband-master\x64\release\rubberband-c.obj
c:\users\aa\documents\max 8\packages\ears\source\lib\rubberband-master\x64\release\resampler.obj
c:\users\aa\documents\max 8\packages\ears\source\lib\rubberband-master\x64\release\fft.obj
c:\users\aa\documents\max 8\packages\ears\source\lib\rubberband-master\x64\release\audiocurvecalculator.obj
c:\users\aa\documents\max 8\packages\ears\source\lib\rubberband-master\x64\release\profiler.obj
c:\users\aa\documents\max 8\packages\ears\source\lib\rubberband-master\x64\release\spectraldifferenceaudiocurve.obj
c:\users\aa\documents\max 8\packages\ears\source\lib\rubberband-master\x64\release\silentaudiocurve.obj
c:\users\aa\documents\max 8\packages\ears\source\lib\rubberband-master\x64\release\percussiveaudiocurve.obj
c:\users\aa\documents\max 8\packages\ears\source\lib\rubberband-master\x64\release\highfrequencyaudiocurve.obj
c:\users\aa\documents\max 8\packages\ears\source\lib\rubberband-master\x64\release\constantaudiocurve.obj
c:\users\aa\documents\max 8\packages\ears\source\lib\rubberband-master\x64\release\compoundaudiocurve.obj
c:\users\aa\documents\max 8\packages\ears\source\lib\rubberband-master\x64\release\resample.obj
c:\users\aa\documents\max 8\packages\ears\source\lib\rubberband-master\x64\release\kiss_fftr.obj
c:\users\aa\documents\max 8\packages\ears\source\lib\rubberband-master\x64\release\kiss_fft.obj
c:\users\aa\documents\max 8\packages\ears\source\vs\x64\release\rubberband-library.lib
c:\users\aa\documents\max 8\packages\ears\source\lib\rubberband-master\x64\release\rubberba.020ceb11.tlog\cl.command.1.tlog
c:\users\aa\documents\max 8\packages\ears\source\lib\rubberband-master\x64\release\rubberba.020ceb11.tlog\cl.read.1.tlog
c:\users\aa\documents\max 8\packages\ears\source\lib\rubberband-master\x64\release\rubberba.020ceb11.tlog\cl.write.1.tlog
c:\users\aa\documents\max 8\packages\ears\source\lib\rubberband-master\x64\release\rubberba.020ceb11.tlog\lib-link.read.1.tlog
c:\users\aa\documents\max 8\packages\ears\source\lib\rubberband-master\x64\release\rubberba.020ceb11.tlog\lib-link.write.1.tlog
c:\users\aa\documents\max 8\packages\ears\source\lib\rubberband-master\x64\release\rubberba.020ceb11.tlog\lib.command.1.tlog
